2025-07-27 17:17:58,737 - app.infra.db.postgres.postgres_config - INFO - Database engine created successfully
2025-07-27 17:18:48,573 - app.infra.db.postgres.postgres_config - INFO - Database engine created successfully
2025-07-27 17:18:54,842 - app.infra.db.postgres.postgres_config - INFO - Database engine created successfully
2025-07-27 17:20:37,630 - app.infra.db.postgres.postgres_config - ERROR - Failed to create database engine: No module named 'psycopg2'
2025-07-27 17:21:05,727 - app.infra.db.postgres.postgres_config - INFO - Supabase PostgreSQL database engine created successfully
2025-07-27 17:21:17,450 - app.infra.db.postgres.postgres_config - INFO - Supabase PostgreSQL database engine created successfully
2025-07-27 17:21:46,219 - app.infra.db.postgres.postgres_config - INFO - Supabase PostgreSQL database engine created successfully
2025-07-27 17:25:07,739 - app.infra.db.postgres.postgres_config - INFO - Supabase PostgreSQL database engine created successfully
2025-07-27 17:25:24,505 - app.infra.db.postgres.postgres_config - INFO - Supabase PostgreSQL database engine created successfully
2025-07-27 17:25:26,711 - app.infra.db.postgres.postgres_config - INFO - Supabase PostgreSQL database engine created successfully
2025-07-27 17:26:16,086 - app.infra.db.postgres.postgres_config - INFO - Supabase PostgreSQL database engine created successfully
2025-07-27 17:26:27,602 - app.infra.db.postgres.postgres_config - INFO - Supabase PostgreSQL database engine created successfully
2025-07-27 17:26:30,641 - app.infra.db.postgres.postgres_config - INFO - Supabase PostgreSQL database engine created successfully
2025-07-27 17:26:43,653 - app.infra.db.postgres.postgres_config - INFO - Supabase PostgreSQL database engine created successfully
2025-07-27 17:27:32,490 - app.infra.db.postgres.postgres_config - INFO - Supabase PostgreSQL database engine created successfully
2025-07-27 17:28:19,355 - app.infra.db.postgres.postgres_config - INFO - Supabase PostgreSQL database engine created successfully
2025-07-27 17:28:59,644 - app.main - ERROR - Request validation error: header.X-Org-Id: Field required
2025-07-27 17:30:33,550 - app.infra.db.postgres.postgres_config - INFO - Supabase PostgreSQL database engine created successfully
2025-07-27 17:32:00,495 - app.infra.db.postgres.postgres_config - INFO - Supabase PostgreSQL database engine created successfully
2025-07-27 17:33:02,903 - app.infra.db.postgres.postgres_config - INFO - Supabase PostgreSQL database engine created successfully
2025-07-27 17:33:19,481 - app.infra.db.postgres.postgres_config - INFO - Supabase PostgreSQL database engine created successfully
2025-07-27 17:33:26,498 - app.api.routes.user_controller - INFO - Processing POST /users request for email: test.user@oneqlick.com
2025-07-27 17:33:26,844 - app.infra.db.postgres.repositories.user_repository - INFO - User created successfully with ID: 401fee20-b126-49e2-bd18-7dc36bfa7e36
2025-07-27 17:33:26,845 - app.domain.services.user_service - INFO - User created successfully: 401fee20-b126-49e2-bd18-7dc36bfa7e36
2025-07-27 17:33:26,845 - app.api.routes.user_controller - INFO - Successfully created user with ID: 401fee20-b126-49e2-bd18-7dc36bfa7e36
2025-07-27 17:36:27,860 - app.api.routes.user_controller - INFO - Processing GET /users request with skip=0, limit=5, role=None, status=None
2025-07-27 17:36:27,888 - app.infra.db.postgres.repositories.user_repository - INFO - Retrieved 1 users
2025-07-27 17:36:27,888 - app.domain.services.user_service - INFO - Retrieved 1 users
2025-07-27 17:36:27,889 - app.api.routes.user_controller - INFO - Successfully retrieved 1 users
2025-07-27 17:36:27,890 - app.api.routes.user_controller - ERROR - Error in get_all_users: 'NoneType' object has no attribute 'HTTP_200_OK'
Traceback (most recent call last):
  File "/home/taha/personal/oneqlick/backend/app/api/routes/user_controller.py", line 130, in get_all_users
    code=status.HTTP_200_OK,
         ^^^^^^^^^^^^^^^^^^
AttributeError: 'NoneType' object has no attribute 'HTTP_200_OK'

2025-07-27 17:36:27,898 - app.main - ERROR - Unexpected error: 'NoneType' object has no attribute 'HTTP_500_INTERNAL_SERVER_ERROR'
2025-07-27 17:40:34,831 - app.infra.db.postgres.postgres_config - INFO - Supabase PostgreSQL database engine created successfully
2025-07-27 17:41:19,776 - app.infra.db.postgres.postgres_config - INFO - Supabase PostgreSQL database engine created successfully
2025-07-27 17:43:18,495 - app.infra.db.postgres.postgres_config - INFO - Supabase PostgreSQL database engine created successfully
2025-07-27 17:43:26,425 - app.api.routes.user_controller - INFO - Processing POST /users request for email: bcrypt.test@oneqlick.com
2025-07-27 17:43:27,476 - app.infra.db.postgres.repositories.user_repository - INFO - User created successfully with ID: 3448a6b6-05e1-4bc4-a7c2-5e3ccded0c11
2025-07-27 17:43:27,476 - app.domain.services.user_service - INFO - User created successfully with bcrypt password: 3448a6b6-05e1-4bc4-a7c2-5e3ccded0c11
2025-07-27 17:43:27,476 - app.api.routes.user_controller - INFO - Successfully created user with ID: 3448a6b6-05e1-4bc4-a7c2-5e3ccded0c11
2025-07-27 18:48:07,563 - app.infra.db.postgres.postgres_config - INFO - Supabase PostgreSQL database engine created successfully
2025-07-27 19:04:58,820 - app.infra.db.postgres.postgres_config - INFO - Supabase PostgreSQL database engine created successfully
2025-07-27 19:10:08,732 - app.infra.db.postgres.postgres_config - INFO - Supabase PostgreSQL database engine created successfully
2025-07-27 19:10:27,937 - app.infra.db.postgres.postgres_config - INFO - Supabase PostgreSQL database engine created successfully
2025-07-27 19:10:43,957 - app.infra.db.postgres.postgres_config - INFO - Supabase PostgreSQL database engine created successfully
2025-07-27 19:10:45,454 - app.infra.db.postgres.postgres_config - INFO - Supabase PostgreSQL database engine created successfully
2025-07-27 19:11:11,194 - app.infra.db.postgres.postgres_config - INFO - Supabase PostgreSQL database engine created successfully
2025-07-27 19:11:38,271 - app.infra.db.postgres.postgres_config - INFO - Supabase PostgreSQL database engine created successfully
2025-07-27 19:11:45,074 - app.infra.db.postgres.postgres_config - INFO - Supabase PostgreSQL database engine created successfully
2025-07-27 19:12:04,013 - app.infra.db.postgres.postgres_config - INFO - Supabase PostgreSQL database engine created successfully
2025-07-27 19:12:18,228 - app.infra.db.postgres.postgres_config - INFO - Supabase PostgreSQL database engine created successfully
2025-07-27 19:12:41,798 - app.infra.db.postgres.postgres_config - INFO - Supabase PostgreSQL database engine created successfully
2025-07-27 21:53:49,991 - app.infra.db.postgres.postgres_config - INFO - Supabase PostgreSQL database engine created successfully
2025-07-27 21:53:53,052 - app.infra.db.postgres.postgres_config - INFO - Supabase PostgreSQL database engine created successfully
2025-07-27 21:54:34,267 - app.infra.db.postgres.postgres_config - INFO - Supabase PostgreSQL database engine created successfully
2025-07-27 21:54:38,362 - app.infra.db.postgres.postgres_config - INFO - Supabase PostgreSQL database engine created successfully
2025-07-27 21:55:16,615 - app.infra.db.postgres.postgres_config - INFO - Supabase PostgreSQL database engine created successfully
2025-07-27 21:55:22,406 - app.infra.db.postgres.postgres_config - INFO - Supabase PostgreSQL database engine created successfully
2025-07-27 21:58:07,219 - app.infra.db.postgres.postgres_config - INFO - Supabase PostgreSQL database engine created successfully
2025-07-27 21:58:11,690 - app.infra.db.postgres.postgres_config - INFO - Supabase PostgreSQL database engine created successfully
2025-07-27 21:58:19,980 - app.infra.db.postgres.postgres_config - INFO - Supabase PostgreSQL database engine created successfully
2025-07-27 21:58:21,521 - app.infra.db.postgres.postgres_config - INFO - Supabase PostgreSQL database engine created successfully
2025-07-27 21:58:24,415 - app.infra.db.postgres.postgres_config - INFO - Supabase PostgreSQL database engine created successfully
2025-07-27 21:58:25,844 - app.infra.db.postgres.postgres_config - INFO - Supabase PostgreSQL database engine created successfully
2025-07-27 22:10:54,294 - app.infra.db.postgres.postgres_config - INFO - Supabase PostgreSQL database engine created successfully
2025-07-27 22:10:59,007 - app.api.routes.restaurant_controller - INFO - Processing POST /restaurants request for restaurant: Kaynat
2025-07-27 22:10:59,325 - app.infra.db.postgres.repositories.restaurant_repository - INFO - Restaurant created successfully with ID: 4a23bed7-403e-4aec-940a-a5b0321232e8
2025-07-27 22:10:59,326 - app.domain.services.restaurant_service - INFO - Restaurant created successfully: 4a23bed7-403e-4aec-940a-a5b0321232e8
2025-07-27 22:10:59,326 - app.api.routes.restaurant_controller - INFO - Successfully created restaurant with ID: 4a23bed7-403e-4aec-940a-a5b0321232e8
2025-07-27 22:10:59,326 - app.api.routes.restaurant_controller - WARNING - Validation error in create_restaurant: 2 validation errors for RestaurantResponse
created_at
  Input should be a valid datetime [type=datetime_type, input_value=None, input_type=NoneType]
    For further information visit https://errors.pydantic.dev/2.11/v/datetime_type
updated_at
  Input should be a valid datetime [type=datetime_type, input_value=None, input_type=NoneType]
    For further information visit https://errors.pydantic.dev/2.11/v/datetime_type
2025-07-27 22:11:40,093 - app.infra.db.postgres.postgres_config - INFO - Supabase PostgreSQL database engine created successfully
2025-07-27 22:11:41,700 - app.infra.db.postgres.postgres_config - INFO - Supabase PostgreSQL database engine created successfully
2025-07-27 22:11:44,992 - app.infra.db.postgres.postgres_config - INFO - Supabase PostgreSQL database engine created successfully
2025-07-27 22:11:46,504 - app.infra.db.postgres.postgres_config - INFO - Supabase PostgreSQL database engine created successfully
2025-07-27 22:12:20,979 - app.infra.db.postgres.postgres_config - INFO - Supabase PostgreSQL database engine created successfully
2025-07-27 22:12:22,511 - app.infra.db.postgres.postgres_config - INFO - Supabase PostgreSQL database engine created successfully
2025-07-27 22:12:30,402 - app.infra.db.postgres.postgres_config - INFO - Supabase PostgreSQL database engine created successfully
2025-07-27 22:12:31,989 - app.infra.db.postgres.postgres_config - INFO - Supabase PostgreSQL database engine created successfully
2025-07-27 22:12:32,190 - app.api.routes.restaurant_controller - INFO - Processing POST /restaurants request for restaurant: Kaynat
2025-07-27 22:12:32,407 - app.domain.services.restaurant_service - WARNING - Restaurant creation validation error: Restaurant with this phone number already exists
2025-07-27 22:12:32,407 - app.api.routes.restaurant_controller - WARNING - Validation error in create_restaurant: Restaurant with this phone number already exists
2025-07-27 22:12:41,315 - app.infra.db.postgres.postgres_config - INFO - Supabase PostgreSQL database engine created successfully
2025-07-27 22:12:42,816 - app.infra.db.postgres.postgres_config - INFO - Supabase PostgreSQL database engine created successfully
2025-07-27 22:13:28,758 - app.main - ERROR - Request validation error: owner_id: Input should be a valid UUID, invalid character: expected an optional prefix of `urn:uuid:` followed by [0-9a-fA-F-], found `o` at 36
2025-07-27 22:13:39,909 - app.main - ERROR - Request validation error: owner_id: Input should be a valid UUID, invalid group length in group 4: expected 12, found 11
2025-07-27 22:14:59,084 - app.api.routes.restaurant_controller - INFO - Processing GET /restaurants/search/location request with lat=40.7128, lon=-74.006, radius=5.0km
2025-07-27 22:14:59,345 - app.infra.db.postgres.repositories.restaurant_repository - INFO - Found 1 restaurants within 5.0km
2025-07-27 22:14:59,346 - app.domain.services.restaurant_service - INFO - Found 1 restaurants within 5.0km
2025-07-27 22:14:59,346 - app.api.routes.restaurant_controller - INFO - Successfully found 1 restaurants within 5.0km
2025-07-27 22:14:59,348 - app.api.routes.restaurant_controller - ERROR - Error in search_restaurants_by_location: 1 validation error for RestaurantListResponse
created_at
  Input should be a valid datetime [type=datetime_type, input_value=None, input_type=NoneType]
    For further information visit https://errors.pydantic.dev/2.11/v/datetime_type
Traceback (most recent call last):
  File "/home/taha/oneqlick-backend/app/api/routes/restaurant_controller.py", line 217, in search_restaurants_by_location
    data=[RestaurantListResponse.model_validate(restaurant) for restaurant in restaurants]
          ~~~~~~~~~~~~~~~~~~~~~~~~~~~~~~~~~~~~~^^^^^^^^^^^^
  File "/home/taha/oneqlick-backend/.venv/lib/python3.13/site-packages/pydantic/main.py", line 705, in model_validate
    return cls.__pydantic_validator__.validate_python(
           ~~~~~~~~~~~~~~~~~~~~~~~~~~~~~~~~~~~~~~~~~~^
        obj, strict=strict, from_attributes=from_attributes, context=context, by_alias=by_alias, by_name=by_name
        ^^^^^^^^^^^^^^^^^^^^^^^^^^^^^^^^^^^^^^^^^^^^^^^^^^^^^^^^^^^^^^^^^^^^^^^^^^^^^^^^^^^^^^^^^^^^^^^^^^^^^^^^
    )
    ^
pydantic_core._pydantic_core.ValidationError: 1 validation error for RestaurantListResponse
created_at
  Input should be a valid datetime [type=datetime_type, input_value=None, input_type=NoneType]
    For further information visit https://errors.pydantic.dev/2.11/v/datetime_type

2025-07-27 22:15:20,800 - app.infra.db.postgres.postgres_config - INFO - Supabase PostgreSQL database engine created successfully
2025-07-27 22:15:22,383 - app.infra.db.postgres.postgres_config - INFO - Supabase PostgreSQL database engine created successfully
2025-07-27 22:15:49,282 - app.infra.db.postgres.postgres_config - INFO - Supabase PostgreSQL database engine created successfully
2025-07-27 22:15:50,776 - app.infra.db.postgres.postgres_config - INFO - Supabase PostgreSQL database engine created successfully
2025-07-27 22:15:58,615 - app.infra.db.postgres.postgres_config - INFO - Supabase PostgreSQL database engine created successfully
2025-07-27 22:16:00,158 - app.infra.db.postgres.postgres_config - INFO - Supabase PostgreSQL database engine created successfully
2025-07-27 22:16:01,077 - app.api.routes.restaurant_controller - INFO - Processing GET /restaurants/search/location request with lat=40.7128, lon=-74.006, radius=5.0km
2025-07-27 22:16:01,349 - app.infra.db.postgres.repositories.restaurant_repository - INFO - Found 1 restaurants within 5.0km
2025-07-27 22:16:01,349 - app.domain.services.restaurant_service - INFO - Found 1 restaurants within 5.0km
2025-07-27 22:16:01,349 - app.api.routes.restaurant_controller - INFO - Successfully found 1 restaurants within 5.0km
2025-07-27 22:16:08,235 - app.infra.db.postgres.postgres_config - INFO - Supabase PostgreSQL database engine created successfully
2025-07-27 22:16:41,495 - app.main - ERROR - Request validation error: query.latitude: Input should be less than or equal to 90
2025-07-27 22:21:30,943 - app.infra.db.postgres.postgres_config - INFO - Supabase PostgreSQL database engine created successfully
2025-07-27 22:21:32,516 - app.infra.db.postgres.postgres_config - INFO - Supabase PostgreSQL database engine created successfully
2025-07-27 22:21:42,080 - app.infra.db.postgres.postgres_config - INFO - Supabase PostgreSQL database engine created successfully
2025-07-27 22:21:43,761 - app.infra.db.postgres.postgres_config - INFO - Supabase PostgreSQL database engine created successfully
2025-07-27 22:21:51,986 - app.infra.db.postgres.postgres_config - INFO - Supabase PostgreSQL database engine created successfully
2025-07-27 22:21:53,525 - app.infra.db.postgres.postgres_config - INFO - Supabase PostgreSQL database engine created successfully
2025-07-27 22:22:14,030 - app.infra.db.postgres.postgres_config - INFO - Supabase PostgreSQL database engine created successfully
2025-07-27 22:22:15,557 - app.infra.db.postgres.postgres_config - INFO - Supabase PostgreSQL database engine created successfully
2025-07-27 22:22:32,227 - app.infra.db.postgres.postgres_config - INFO - Supabase PostgreSQL database engine created successfully
2025-07-27 22:22:33,765 - app.infra.db.postgres.postgres_config - INFO - Supabase PostgreSQL database engine created successfully
2025-07-27 22:23:03,756 - app.infra.db.postgres.postgres_config - INFO - Supabase PostgreSQL database engine created successfully
2025-07-27 22:23:05,299 - app.infra.db.postgres.postgres_config - INFO - Supabase PostgreSQL database engine created successfully
2025-07-27 22:24:14,938 - app.main - ERROR - Request validation error: query.latitude: Input should be less than or equal to 90
2025-07-27 22:24:17,480 - app.main - ERROR - Request validation error: query.latitude: Input should be less than or equal to 90
2025-07-27 22:24:32,360 - app.api.routes.restaurant_controller - INFO - Processing GET /restaurants/search/location request with lat=89.7128, lon=-74.006, radius=5.0km
2025-07-27 22:24:32,606 - app.infra.db.postgres.repositories.restaurant_repository - INFO - Found 0 restaurants within 5.0km
2025-07-27 22:24:32,607 - app.domain.services.restaurant_service - INFO - Found 0 restaurants within 5.0km
2025-07-27 22:24:32,607 - app.api.routes.restaurant_controller - INFO - Successfully found 0 restaurants within 5.0km
2025-07-27 23:18:50,600 - app.infra.db.postgres.postgres_config - INFO - Supabase PostgreSQL database engine created successfully
2025-07-27 23:18:54,854 - app.infra.db.postgres.postgres_config - INFO - Supabase PostgreSQL database engine created successfully
2025-07-27 23:19:16,932 - app.infra.db.postgres.postgres_config - INFO - Supabase PostgreSQL database engine created successfully
2025-07-27 23:19:20,430 - app.infra.db.postgres.postgres_config - INFO - Supabase PostgreSQL database engine created successfully
2025-07-27 23:19:30,433 - app.infra.db.postgres.postgres_config - INFO - Supabase PostgreSQL database engine created successfully
2025-07-27 23:19:34,674 - app.infra.db.postgres.postgres_config - INFO - Supabase PostgreSQL database engine created successfully
2025-07-27 23:19:43,922 - app.infra.db.postgres.postgres_config - INFO - Supabase PostgreSQL database engine created successfully
2025-07-27 23:19:47,648 - app.infra.db.postgres.postgres_config - INFO - Supabase PostgreSQL database engine created successfully
2025-07-27 23:20:29,998 - app.infra.db.postgres.postgres_config - INFO - Supabase PostgreSQL database engine created successfully
2025-07-27 23:20:34,485 - app.infra.db.postgres.postgres_config - INFO - Supabase PostgreSQL database engine created successfully
2025-07-27 23:20:42,663 - app.infra.db.postgres.postgres_config - INFO - Supabase PostgreSQL database engine created successfully
2025-07-27 23:20:48,509 - app.infra.db.postgres.postgres_config - INFO - Supabase PostgreSQL database engine created successfully
2025-07-27 23:20:50,784 - app.infra.db.postgres.postgres_config - INFO - Supabase PostgreSQL database engine created successfully
2025-07-27 23:21:11,241 - app.infra.db.postgres.postgres_config - INFO - Supabase PostgreSQL database engine created successfully
2025-07-27 23:25:47,209 - app.infra.db.postgres.postgres_config - INFO - Supabase PostgreSQL database engine created successfully
2025-07-27 23:26:38,273 - app.infra.redis.redis_config - ERROR - Redis connection error: Error 111 connecting to localhost:6379. Connection refused.
2025-07-27 23:26:38,274 - app.main - ERROR - Unexpected error: Error 111 connecting to localhost:6379. Connection refused.
2025-07-27 23:30:25,573 - app.infra.redis.redis_config - INFO - Redis connected successfully to localhost:6379
2025-07-27 23:30:25,577 - app.api.routes.otp_controller - INFO - Processing OTP request for phone: +917219342962
2025-07-27 23:30:25,578 - app.domain.services.otp_service - INFO - OTP stored for phone: +917219342962
2025-07-27 23:30:25,579 - app.domain.services.sms_service - INFO - 📱 MOCK SMS to +917219342962: Your OneQlick verification code is: 959274
2025-07-27 23:30:25,579 - app.api.routes.otp_controller - INFO - OTP sent successfully to +917219342962
2025-07-27 23:31:46,575 - app.infra.db.postgres.postgres_config - INFO - Supabase PostgreSQL database engine created successfully
2025-07-27 23:31:51,903 - app.infra.redis.redis_config - INFO - Redis connected successfully to localhost:6379
2025-07-27 23:31:51,905 - app.api.routes.otp_controller - INFO - Processing OTP request for phone: +917219342962
2025-07-27 23:31:51,905 - app.domain.services.otp_service - INFO - OTP stored for phone: +917219342962
2025-07-27 23:31:51,906 - app.domain.services.sms_service - INFO - 📱 MOCK SMS to +917219342962: Your OneQlick verification code is: 422870
2025-07-27 23:31:51,906 - app.api.routes.otp_controller - INFO - OTP sent successfully to +917219342962
2025-07-27 23:32:02,028 - app.infra.redis.redis_config - ERROR - Redis connection error: AUTH <password> called without any password configured for the default user. Are you sure your configuration is correct?
2025-07-27 23:32:02,029 - app.main - ERROR - Unexpected error: AUTH <password> called without any password configured for the default user. Are you sure your configuration is correct?
2025-07-27 23:32:27,535 - app.infra.redis.redis_config - INFO - Redis connected successfully to localhost:6379
2025-07-27 23:32:27,535 - app.api.routes.otp_controller - INFO - Processing OTP request for phone: +917219342962
2025-07-27 23:32:27,536 - app.domain.services.otp_service - ERROR - Error checking OTP request allowance for +917219342962: 'str' object has no attribute 'decode'
2025-07-27 23:32:27,536 - app.domain.services.otp_service - INFO - OTP stored for phone: +917219342962
2025-07-27 23:32:27,537 - app.domain.services.sms_service - INFO - 📱 MOCK SMS to +917219342962: Your OneQlick verification code is: 826081
2025-07-27 23:32:27,537 - app.api.routes.otp_controller - INFO - OTP sent successfully to +917219342962
2025-07-27 23:33:13,594 - app.infra.redis.redis_config - INFO - Redis connected successfully to localhost:6379
2025-07-27 23:33:13,595 - app.api.routes.otp_controller - INFO - Processing OTP request for phone: +917219342962
2025-07-27 23:33:13,596 - app.domain.services.otp_service - ERROR - Error checking OTP request allowance for +917219342962: 'str' object has no attribute 'decode'
2025-07-27 23:33:13,596 - app.domain.services.otp_service - INFO - OTP stored for phone: +917219342962
2025-07-27 23:33:13,597 - app.domain.services.sms_service - INFO - 📱 MOCK SMS to +917219342962: Your OneQlick verification code is: 706393
2025-07-27 23:33:13,597 - app.domain.services.sms_service - ERROR - Mock SMS error for +917219342962: [Errno 5] Input/output error
2025-07-27 23:33:13,597 - app.domain.services.otp_service - INFO - OTP deleted for phone: +917219342962
2025-07-27 23:33:31,507 - app.infra.db.postgres.postgres_config - INFO - Supabase PostgreSQL database engine created successfully
2025-07-27 23:33:35,201 - app.infra.redis.redis_config - INFO - Redis connected successfully to localhost:6379
2025-07-27 23:33:35,203 - app.api.routes.otp_controller - INFO - Processing OTP request for phone: +917219342962
2025-07-27 23:33:35,204 - app.domain.services.otp_service - INFO - OTP stored for phone: +917219342962
2025-07-27 23:33:35,204 - app.domain.services.sms_service - INFO - 📱 MOCK SMS to +917219342962: Your OneQlick verification code is: 430941
2025-07-27 23:33:35,204 - app.domain.services.sms_service - ERROR - Mock SMS error for +917219342962: [Errno 5] Input/output error
2025-07-27 23:33:35,205 - app.domain.services.otp_service - INFO - OTP deleted for phone: +917219342962
2025-07-27 23:33:38,842 - app.infra.redis.redis_config - INFO - Redis connected successfully to localhost:6379
2025-07-27 23:33:38,843 - app.api.routes.otp_controller - INFO - Processing OTP request for phone: +917219342962
2025-07-27 23:33:38,844 - app.domain.services.otp_service - INFO - OTP stored for phone: +917219342962
2025-07-27 23:33:38,844 - app.domain.services.sms_service - INFO - 📱 MOCK SMS to +917219342962: Your OneQlick verification code is: 819874
2025-07-27 23:33:38,844 - app.domain.services.sms_service - ERROR - Mock SMS error for +917219342962: [Errno 5] Input/output error
2025-07-27 23:33:38,845 - app.domain.services.otp_service - INFO - OTP deleted for phone: +917219342962
2025-07-27 23:33:51,109 - app.infra.redis.redis_config - INFO - Redis connected successfully to localhost:6379
2025-07-27 23:33:51,110 - app.api.routes.otp_controller - INFO - Processing OTP request for phone: +919356864166
2025-07-27 23:33:51,111 - app.domain.services.otp_service - INFO - OTP stored for phone: +919356864166
2025-07-27 23:33:51,111 - app.domain.services.sms_service - INFO - 📱 MOCK SMS to +919356864166: Your OneQlick verification code is: 410825
2025-07-27 23:33:51,112 - app.domain.services.sms_service - ERROR - Mock SMS error for +919356864166: [Errno 5] Input/output error
2025-07-27 23:33:51,112 - app.domain.services.otp_service - INFO - OTP deleted for phone: +919356864166
2025-07-27 23:34:17,718 - app.infra.redis.redis_config - INFO - Redis connected successfully to localhost:6379
2025-07-27 23:34:17,719 - app.api.routes.otp_controller - INFO - Processing OTP request for phone: +919356864166
2025-07-27 23:34:17,720 - app.domain.services.otp_service - INFO - OTP stored for phone: +919356864166
2025-07-27 23:34:17,720 - app.domain.services.sms_service - INFO - 📱 MOCK SMS to +919356864166: Your OneQlick verification code is: 932526
2025-07-27 23:34:17,721 - app.domain.services.sms_service - ERROR - Mock SMS error for +919356864166: [Errno 5] Input/output error
2025-07-27 23:34:17,721 - app.domain.services.otp_service - INFO - OTP deleted for phone: +919356864166
2025-07-27 23:34:19,571 - app.infra.redis.redis_config - INFO - Redis connected successfully to localhost:6379
2025-07-27 23:34:19,572 - app.api.routes.otp_controller - INFO - Processing OTP request for phone: +919356864166
2025-07-27 23:34:19,573 - app.domain.services.otp_service - INFO - OTP stored for phone: +919356864166
2025-07-27 23:34:19,573 - app.domain.services.sms_service - INFO - 📱 MOCK SMS to +919356864166: Your OneQlick verification code is: 475945
2025-07-27 23:34:19,574 - app.domain.services.sms_service - ERROR - Mock SMS error for +919356864166: [Errno 5] Input/output error
2025-07-27 23:34:19,575 - app.domain.services.otp_service - INFO - OTP deleted for phone: +919356864166
2025-07-27 23:34:21,063 - app.infra.redis.redis_config - INFO - Redis connected successfully to localhost:6379
2025-07-27 23:34:21,064 - app.api.routes.otp_controller - INFO - Processing OTP request for phone: +919356864166
2025-07-27 23:34:21,065 - app.domain.services.otp_service - INFO - OTP stored for phone: +919356864166
2025-07-27 23:34:21,066 - app.domain.services.sms_service - INFO - 📱 MOCK SMS to +919356864166: Your OneQlick verification code is: 398663
2025-07-27 23:34:21,066 - app.domain.services.sms_service - ERROR - Mock SMS error for +919356864166: [Errno 5] Input/output error
2025-07-27 23:34:21,066 - app.domain.services.otp_service - INFO - OTP deleted for phone: +919356864166
2025-07-27 23:34:52,332 - app.infra.redis.redis_config - INFO - Redis connected successfully to localhost:6379
2025-07-27 23:34:52,333 - app.api.routes.otp_controller - INFO - Processing OTP request for phone: +919356864166
2025-07-27 23:34:52,335 - app.domain.services.otp_service - INFO - OTP stored for phone: +919356864166
2025-07-27 23:34:52,335 - app.domain.services.sms_service - INFO - 📱 MOCK SMS to +919356864166: Your OneQlick verification code is: 129173
2025-07-27 23:34:52,335 - app.domain.services.sms_service - ERROR - Mock SMS error for +919356864166: [Errno 5] Input/output error
2025-07-27 23:34:52,335 - app.domain.services.otp_service - INFO - OTP deleted for phone: +919356864166
2025-07-27 23:35:37,381 - app.infra.db.postgres.postgres_config - INFO - Supabase PostgreSQL database engine created successfully
2025-07-27 23:35:39,238 - app.infra.db.postgres.postgres_config - INFO - Supabase PostgreSQL database engine created successfully
2025-07-27 23:35:43,736 - app.infra.redis.redis_config - ERROR - Redis connection error: AUTH <password> called without any password configured for the default user. Are you sure your configuration is correct?
2025-07-27 23:35:43,737 - app.main - ERROR - Unexpected error: AUTH <password> called without any password configured for the default user. Are you sure your configuration is correct?
2025-07-27 23:35:57,946 - app.infra.redis.redis_config - ERROR - Redis connection error: AUTH <password> called without any password configured for the default user. Are you sure your configuration is correct?
2025-07-27 23:35:57,947 - app.main - ERROR - Unexpected error: AUTH <password> called without any password configured for the default user. Are you sure your configuration is correct?
2025-07-27 23:49:23,591 - app.infra.db.postgres.postgres_config - INFO - Supabase PostgreSQL database engine created successfully
2025-07-27 23:49:29,081 - app.infra.redis.redis_config - ERROR - Redis connection error: AUTH <password> called without any password configured for the default user. Are you sure your configuration is correct?
2025-07-27 23:49:29,082 - app.main - ERROR - Unexpected error: AUTH <password> called without any password configured for the default user. Are you sure your configuration is correct?
2025-07-27 23:49:43,181 - app.infra.redis.redis_config - ERROR - Redis connection error: AUTH <password> called without any password configured for the default user. Are you sure your configuration is correct?
2025-07-27 23:49:43,182 - app.main - ERROR - Unexpected error: AUTH <password> called without any password configured for the default user. Are you sure your configuration is correct?
2025-07-27 23:49:56,735 - app.infra.redis.redis_config - ERROR - Redis connection error: AUTH <password> called without any password configured for the default user. Are you sure your configuration is correct?
2025-07-27 23:49:56,735 - app.main - ERROR - Unexpected error: AUTH <password> called without any password configured for the default user. Are you sure your configuration is correct?
2025-07-27 23:50:22,115 - app.infra.db.postgres.postgres_config - INFO - Supabase PostgreSQL database engine created successfully
2025-07-27 23:50:28,083 - app.infra.redis.redis_config - ERROR - Redis connection error: AUTH <password> called without any password configured for the default user. Are you sure your configuration is correct?
2025-07-27 23:50:28,083 - app.main - ERROR - Unexpected error: AUTH <password> called without any password configured for the default user. Are you sure your configuration is correct?
2025-07-27 23:51:45,814 - app.infra.db.postgres.postgres_config - INFO - Supabase PostgreSQL database engine created successfully
2025-07-27 23:51:45,838 - app.infra.db.postgres.postgres_config - INFO - Supabase PostgreSQL database engine created successfully
2025-07-27 23:51:46,489 - app.infra.db.postgres.postgres_config - INFO - Supabase PostgreSQL database engine created successfully
2025-07-27 23:51:46,504 - app.infra.db.postgres.postgres_config - INFO - Supabase PostgreSQL database engine created successfully
2025-07-27 23:51:56,767 - app.infra.db.postgres.postgres_config - INFO - Supabase PostgreSQL database engine created successfully
2025-07-27 23:51:56,768 - app.infra.db.postgres.postgres_config - INFO - Supabase PostgreSQL database engine created successfully
2025-07-27 23:51:57,414 - app.infra.db.postgres.postgres_config - INFO - Supabase PostgreSQL database engine created successfully
2025-07-27 23:51:57,427 - app.infra.db.postgres.postgres_config - INFO - Supabase PostgreSQL database engine created successfully
2025-07-27 23:52:28,403 - app.infra.db.postgres.postgres_config - INFO - Supabase PostgreSQL database engine created successfully
2025-07-27 23:52:28,476 - app.infra.db.postgres.postgres_config - INFO - Supabase PostgreSQL database engine created successfully
2025-07-27 23:52:29,899 - app.infra.redis.redis_config - INFO - Redis connected successfully to localhost:6379
2025-07-27 23:52:29,901 - app.api.routes.otp_controller - INFO - Processing OTP request for phone: +917219342962
2025-07-27 23:52:29,901 - app.domain.services.otp_service - INFO - OTP stored for phone: +917219342962
2025-07-27 23:52:29,901 - app.domain.services.sms_service - INFO - 📱 MOCK SMS to +917219342962: Your OneQlick verification code is: 614255
2025-07-27 23:52:29,902 - app.api.routes.otp_controller - INFO - OTP sent successfully to +917219342962
2025-07-27 23:52:31,741 - app.infra.db.postgres.postgres_config - INFO - Supabase PostgreSQL database engine created successfully
2025-07-27 23:52:31,766 - app.infra.db.postgres.postgres_config - INFO - Supabase PostgreSQL database engine created successfully
2025-07-27 23:53:11,655 - app.infra.redis.redis_config - INFO - Redis connected successfully to localhost:6379
2025-07-27 23:53:11,656 - app.api.routes.otp_controller - INFO - Processing OTP request for phone: +917219342962
2025-07-27 23:53:11,656 - app.domain.services.otp_service - ERROR - Error checking OTP request allowance for +917219342962: 'str' object has no attribute 'decode'
2025-07-27 23:53:11,657 - app.domain.services.otp_service - INFO - OTP stored for phone: +917219342962
2025-07-27 23:53:11,657 - app.domain.services.sms_service - INFO - 📱 MOCK SMS to +917219342962: Your OneQlick verification code is: 342237
2025-07-27 23:53:11,657 - app.api.routes.otp_controller - INFO - OTP sent successfully to +917219342962
2025-07-27 23:55:04,256 - app.infra.redis.redis_config - INFO - Redis connected successfully to localhost:6379
2025-07-27 23:55:04,257 - app.api.routes.otp_controller - INFO - Processing OTP verification for phone: +917219342962
2025-07-27 23:55:04,258 - app.api.routes.otp_controller - INFO - OTP verification result for +917219342962: False
2025-07-27 23:55:23,834 - app.infra.redis.redis_config - INFO - Redis connected successfully to localhost:6379
2025-07-27 23:55:23,836 - app.api.routes.otp_controller - INFO - Processing OTP verification for phone: +917219342962
2025-07-27 23:55:23,836 - app.domain.services.otp_service - INFO - OTP deleted for phone: +917219342962
2025-07-27 23:55:23,836 - app.domain.services.otp_service - INFO - OTP verified successfully for phone: +917219342962
2025-07-27 23:55:23,837 - app.api.routes.otp_controller - ERROR - Error in verify_otp: 'UserService' object has no attribute 'get_user_by_phone'
Traceback (most recent call last):
  File "/home/taha/oneqlick-backend/app/api/routes/otp_controller.py", line 132, in verify_otp
    user = user_service.get_user_by_phone(otp_verify.phone)
           ^^^^^^^^^^^^^^^^^^^^^^^^^^^^^^
AttributeError: 'UserService' object has no attribute 'get_user_by_phone'. Did you mean: 'get_user_by_email'?

2025-07-27 23:55:56,999 - app.infra.db.postgres.postgres_config - INFO - Supabase PostgreSQL database engine created successfully
2025-07-27 23:55:57,045 - app.infra.db.postgres.postgres_config - INFO - Supabase PostgreSQL database engine created successfully
2025-07-27 23:55:57,696 - app.infra.db.postgres.postgres_config - INFO - Supabase PostgreSQL database engine created successfully
2025-07-27 23:55:57,735 - app.infra.db.postgres.postgres_config - INFO - Supabase PostgreSQL database engine created successfully
2025-07-27 23:56:19,082 - app.infra.db.postgres.postgres_config - INFO - Supabase PostgreSQL database engine created successfully
2025-07-27 23:56:19,082 - app.infra.db.postgres.postgres_config - INFO - Supabase PostgreSQL database engine created successfully
2025-07-27 23:56:30,331 - app.infra.redis.redis_config - INFO - Redis connected successfully to localhost:6379
2025-07-27 23:56:30,333 - app.api.routes.otp_controller - INFO - Processing OTP verification for phone: +917219342962
2025-07-27 23:56:30,333 - app.api.routes.otp_controller - INFO - OTP verification result for +917219342962: False
2025-07-27 23:56:45,501 - app.infra.redis.redis_config - INFO - Redis connected successfully to localhost:6379
2025-07-27 23:56:45,502 - app.api.routes.otp_controller - INFO - Processing OTP request for phone: +917219342962
2025-07-27 23:56:45,502 - app.domain.services.otp_service - INFO - OTP stored for phone: +917219342962
2025-07-27 23:56:45,502 - app.domain.services.sms_service - INFO - 📱 MOCK SMS to +917219342962: Your OneQlick verification code is: 460462
2025-07-27 23:56:45,502 - app.api.routes.otp_controller - INFO - OTP sent successfully to +917219342962
2025-07-27 23:57:02,520 - app.infra.redis.redis_config - INFO - Redis connected successfully to localhost:6379
2025-07-27 23:57:02,520 - app.api.routes.otp_controller - INFO - Processing OTP verification for phone: +917219342962
2025-07-27 23:57:02,521 - app.domain.services.otp_service - INFO - OTP deleted for phone: +917219342962
2025-07-27 23:57:02,521 - app.domain.services.otp_service - INFO - OTP verified successfully for phone: +917219342962
2025-07-27 23:57:02,872 - app.infra.db.postgres.repositories.user_repository - INFO - Phone verified for user: 12c82882-26ef-4dd0-8776-8a534acec03b
2025-07-27 23:57:02,898 - app.api.routes.otp_controller - INFO - Phone verified for user: 12c82882-26ef-4dd0-8776-8a534acec03b
2025-07-27 23:57:02,898 - app.api.routes.otp_controller - INFO - OTP verification result for +917219342962: True
2025-07-27 23:57:43,629 - app.infra.db.postgres.postgres_config - INFO - Supabase PostgreSQL database engine created successfully
2025-07-27 23:57:43,637 - app.infra.db.postgres.postgres_config - INFO - Supabase PostgreSQL database engine created successfully
